<?xml version="1.0" encoding="UTF-8"?>
<testsuite name="LogicSimulatorTest" tests="4" skipped="0" failures="0" errors="0" timestamp="2020-08-24T08:54:04" hostname="DESKTOP-SET9F81" time="0.014">
  <properties/>
  <testcase name="testGetTruthTable2" classname="LogicSimulatorTest" time="0.01"/>
  <testcase name="testGetSimulationResult2" classname="LogicSimulatorTest" time="0.002"/>
  <testcase name="testGetSimulationResult" classname="LogicSimulatorTest" time="0.001"/>
  <testcase name="testGetTruthTable" classname="LogicSimulatorTest" time="0.001"/>
  <system-out><![CDATA[]]></system-out>
  <system-err><![CDATA[]]></system-err>
</testsuite>
