<?xml version="1.0" encoding="UTF-8"?>
<testsuite name="LogicSimulatorTest" tests="3" skipped="0" failures="0" errors="0" timestamp="2020-08-26T01:30:05" hostname="DESKTOP-SET9F81" time="0.022">
  <properties/>
  <testcase name="testLoad" classname="LogicSimulatorTest" time="0.019"/>
  <testcase name="testGetSimulationResult" classname="LogicSimulatorTest" time="0.001"/>
  <testcase name="testGetTruthTable" classname="LogicSimulatorTest" time="0.002"/>
  <system-out><![CDATA[]]></system-out>
  <system-err><![CDATA[]]></system-err>
</testsuite>
